0 silly input [ 'start' ]
1 silly flags { _: [ 'run' ],
1 silly flags   'reject-cycles': false,
1 silly flags   rejectCycles: false,
1 silly flags   stream: true,
1 silly flags   script: 'start',
1 silly flags   args: [] }
2 verbose rootPath /Users/joanmi/Projects/pmp/backoffice
3 info version 2.11.0
4 silly existsSync /Users/joanmi/Projects/pmp/backoffice/VERSION
5 silly initialize attempt
6 silly initialize success
7 silly execute attempt
8 silly runScriptInPackageStreaming [ 'start', [], 'backoffice-bootstrap' ]
9 silly getExecOpts { cwd: '/Users/joanmi/Projects/pmp/backoffice/packages/backoffice.bootstrap' }
10 error execute callback with error
11 error Error: Command failed: yarn run start
11 error (node:7984) [DEP0005] DeprecationWarning: Buffer() is deprecated due to security and usability issues. Please use the Buffer.alloc(), Buffer.allocUnsafe(), or Buffer.from() methods instead.
11 error clean-webpack-plugin: /Users/joanmi/Projects/pmp/backoffice/packages/backoffice.bootstrap/dist/*.* has been removed.
11 error events.js:167
11 error       throw er; // Unhandled 'error' event
11 error       ^
11 error
11 error Error: listen EADDRINUSE 127.0.0.1:3000
11 error     at Server.setupListenHandle [as _listen2] (net.js:1330:14)
11 error     at listenInCluster (net.js:1378:12)
11 error     at GetAddrInfoReqWrap.doListen [as callback] (net.js:1491:7)
11 error     at GetAddrInfoReqWrap.onlookup [as oncomplete] (dns.js:55:10)
11 error Emitted 'error' event at:
11 error     at emitErrorNT (net.js:1357:8)
11 error     at process._tickCallback (internal/process/next_tick.js:174:19)
11 error error An unexpected error occurred: "Command failed.
11 error Exit code: 1
11 error Command: sh
11 error Arguments: -c NODE_ENV=development webpack-dev-server --config ./webpack/index.js  --inline
11 error Directory: /Users/joanmi/Projects/pmp/backoffice/packages/backoffice.bootstrap
11 error Output:
11 error ".
11 error
11 error $ NODE_ENV=development webpack-dev-server --config ./webpack/index.js  --inline
11 error info If you think this is a bug, please open a bug report with the information provided in "/Users/joanmi/Projects/pmp/backoffice/packages/backoffice.bootstrap/yarn-error.log".
11 error info Visit https://yarnpkg.com/en/docs/cli/run for documentation about this command.
11 error
11 error     at Promise.all.then.arr (/Users/joanmi/Projects/pmp/backoffice/node_modules/lerna/node_modules/execa/index.js:236:11)
