0 silly input [ 'yarn', 'test' ]
1 silly flags { _: [ 'exec' ],
1 silly flags   'reject-cycles': false,
1 silly flags   rejectCycles: false,
1 silly flags   parallel: true,
1 silly flags   command: 'yarn',
1 silly flags   args: [ 'test' ] }
2 verbose rootPath /Users/joanmi/Projects/pmp/apis
3 info version 2.11.0
4 silly existsSync /Users/joanmi/Projects/pmp/apis/VERSION
5 silly initialize attempt
6 silly initialize success
7 silly execute attempt
8 info exec in 5 package(s): yarn test
9 error execute callback with error
10 error Error: Command failed: yarn test
10 error (node:19033) [DEP0005] DeprecationWarning: Buffer() is deprecated due to security and usability issues. Please use the Buffer.alloc(), Buffer.allocUnsafe(), or Buffer.from() methods instead.
10 error error An unexpected error occurred: "Command failed.
10 error Exit code: 1
10 error Command: sh
10 error Arguments: -c eslint -c .eslintrc src
10 error Directory: /Users/joanmi/Projects/pmp/apis/packages/apis.core
10 error Output:
10 error ".
10 error
10 error $ eslint -c .eslintrc src
10 error
10 error /Users/joanmi/Projects/pmp/apis/packages/apis.core/src/firebase.js
10 error   3:8  error  'path' is defined but never used  no-unused-vars
10 error
10 error /Users/joanmi/Projects/pmp/apis/packages/apis.core/src/logsys.js
10 error   10:5  warning  Unexpected console statement  no-console
10 error
10 error ✖ 2 problems (1 error, 1 warning)
10 error
10 error info If you think this is a bug, please open a bug report with the information provided in "/Users/joanmi/Projects/pmp/apis/packages/apis.core/yarn-error.log".
10 error info Visit https://yarnpkg.com/en/docs/cli/run for documentation about this command.
10 error
10 error     at Promise.all.then.arr (/Users/joanmi/Projects/pmp/apis/node_modules/lerna/node_modules/execa/index.js:236:11)
